[0mGET /user/sign-in [36m302[0m 30.377 ms - 70[0m
[0mGET /user/profile [33m404[0m 6.709 ms - 151[0m
[0mGET / [36m304[0m 32.095 ms - -[0m
[0mGET /js/home_posts.js [33m404[0m 9.435 ms - 155[0m
[0mGET /user/profile/627155a43275c8f9e1a2ff42 [36m304[0m 9.843 ms - -[0m
[0mGET /user/signOut [36m302[0m 7.029 ms - 70[0m
[0mGET /user/sign-in [32m200[0m 3.730 ms - 1414[0m
[0mGET / [32m200[0m 62.824 ms - 1920[0m
[0mGET / [36m304[0m 18.771 ms - -[0m
[0mGET /js/home_posts.js [33m404[0m 5.961 ms - 155[0m
[0mGET /favicon.ico [33m404[0m 4.463 ms - 150[0m
[0mGET / [36m304[0m 58.439 ms - -[0m
[0mGET /js/home_posts.js [33m404[0m 30.219 ms - 155[0m
[0mGET /user/sign-in [32m200[0m 36.011 ms - 1206[0m
[0mGET /user/auth/google [36m302[0m 9.160 ms - 0[0m
[0mGET /user/auth/google/callback?code=4%2F0AX4XfWiLKnXMw3xR7fSlh-vFbpwY1HR_X4KnEuUzBXjE2UcqVF-jQu0t7tOwE0nlJM-iUQ&scope=email+profile+https%3A%2F%2Fwww.googleapis.com%2Fauth%2Fuserinfo.profile+https%3A%2F%2Fwww.googleapis.com%2Fauth%2Fuserinfo.email+openid&authuser=0&prompt=none [36m302[0m 1477.248 ms - 46[0m
[0mGET / [32m200[0m 19.295 ms - 2687[0m
[0mGET /js/home_posts.js [33m404[0m 17.806 ms - 155[0m
[0mGET /user/profile/627155a43275c8f9e1a2ff42 [36m304[0m 16.203 ms - -[0m
[0mGET /user/profile/627155a43275c8f9e1a2ff42 [36m304[0m 15.813 ms - -[0m
[0mGET / [36m304[0m 71.305 ms - -[0m
[0mGET /js/home_posts.js [33m404[0m 58.156 ms - 155[0m
[0mGET /user/profile/627155a43275c8f9e1a2ff42 [36m304[0m 16.857 ms - -[0m
[0mGET / [36m304[0m 60.516 ms - -[0m
[0mGET /js/home_posts.js [33m404[0m 19.567 ms - 155[0m
[0mGET /user/profile/627155a43275c8f9e1a2ff42 [36m304[0m 15.681 ms - -[0m
[0mGET / [36m304[0m 66.955 ms - -[0m
[0mGET /js/home_posts.js [33m404[0m 20.431 ms - 155[0m
[0mGET / [36m304[0m 25.037 ms - -[0m
[0mGET /js/home_posts.js [33m404[0m 24.531 ms - 155[0m
[0mGET / [36m304[0m 78.250 ms - -[0m
[0mGET /js/home_posts.js [33m404[0m 13.713 ms - 155[0m
[0mGET / [36m304[0m 20.050 ms - -[0m
[0mGET /js/home_posts.js [33m404[0m 13.147 ms - 155[0m
[0mGET / [31m500[0m 42.034 ms - 148[0m
[0mGET / [31m500[0m 13.463 ms - 148[0m
[0mGET / [31m500[0m 9.018 ms - 148[0m
[0mGET / [31m500[0m 9.790 ms - 148[0m
[0mGET / [31m500[0m 10.522 ms - 148[0m
[0mGET / [31m500[0m 9.251 ms - 148[0m
[0mGET / [31m500[0m 38.974 ms - 1589[0m
[0mGET / [32m200[0m 20.972 ms - 1919[0m
[0mGET /js/home_posts.js [33m404[0m 6.097 ms - 155[0m
[0mGET /user/sign-in [32m200[0m 8.694 ms - 1205[0m
[0mGET /user/css/layout.css [33m404[0m 4.105 ms - 158[0m
[0mGET / [32m200[0m 11.424 ms - 1917[0m
[0mGET /js/home_posts.js [33m404[0m 4.942 ms - 155[0m
[0mGET / [36m304[0m 10.475 ms - -[0m
[0mGET /js/home_posts.js [33m404[0m 11.879 ms - 155[0m
[0mGET / [36m304[0m 10.964 ms - -[0m
[0mGET /js/home_posts.js [33m404[0m 8.131 ms - 155[0m
[0mGET /user/sign-in [32m200[0m 4.836 ms - 1203[0m
[0mGET /user/css/layout.css [33m404[0m 5.461 ms - 158[0m
[0mGET /user/css/header.css [33m404[0m 4.166 ms - 158[0m
[0mGET /user/css/footer.css [33m404[0m 7.387 ms - 158[0m
[0mGET /user/sign-in [36m304[0m 5.402 ms - -[0m
[0mGET /user/css/layout.css [33m404[0m 5.494 ms - 158[0m
[0mGET /user/css/footer.css [33m404[0m 13.093 ms - 158[0m
[0mGET /user/css/header.css [33m404[0m 6.884 ms - 158[0m
[0mGET /user/sign-up [32m200[0m 5.779 ms - 1381[0m
[0mGET /user/css/header.css [33m404[0m 4.875 ms - 158[0m
[0mGET /user/css/layout.css [33m404[0m 5.508 ms - 158[0m
[0mGET /user/css/footer.css [33m404[0m 6.791 ms - 158[0m
[0mGET /user/sign-up [36m304[0m 5.957 ms - -[0m
[0mGET /user/css/layout.css [33m404[0m 6.740 ms - 158[0m
[0mGET /user/css/header.css [33m404[0m 4.004 ms - 158[0m
[0mGET /user/css/footer.css [33m404[0m 6.539 ms - 158[0m
[0mGET /user/sign-in [36m304[0m 5.825 ms - -[0m
[0mGET /user/css/layout.css [33m404[0m 4.635 ms - 158[0m
[0mGET /user/css/header.css [33m404[0m 4.706 ms - 158[0m
[0mGET /user/css/footer.css [33m404[0m 5.691 ms - 158[0m
[0mPOST /user/createSession [36m302[0m 10.900 ms - 46[0m
[0mGET / [32m200[0m 11.879 ms - 2684[0m
[0mGET /js/home_posts.js [33m404[0m 17.785 ms - 155[0m
[0mGET /user/profile/627155a43275c8f9e1a2ff42 [32m200[0m 21.518 ms - 1504[0m
[0mGET /user/profile/css/layout.css [33m404[0m 15.546 ms - 166[0m
[0mGET /user/profile/css/header.css [33m404[0m 15.380 ms - 166[0m
[0mGET /user/profile/css/footer.css [33m404[0m 15.495 ms - 166[0m
