[0mGET /user/profile/627155a43275c8f9e1a2ff42 [32m200[0m 42.199 ms - 1501[0m
[0mGET /user/profile/css/footer.css [33m404[0m 172.413 ms - 166[0m
[0mGET /user/profile/css/user_profile.css [33m404[0m 180.000 ms - 172[0m
[0mGET /user/profile/css/layout.css [33m404[0m 185.702 ms - 166[0m
[0mGET /user/profile/css/header.css [33m404[0m 273.401 ms - 166[0m
[0mGET /user/profile/627155a43275c8f9e1a2ff42 [36m304[0m 32.044 ms - -[0m
[0mGET /user/profile/css/layout.css [33m404[0m 69.081 ms - 166[0m
[0mGET /user/profile/css/header.css [33m404[0m 75.557 ms - 166[0m
[0mGET /user/profile/css/footer.css [33m404[0m 73.751 ms - 166[0m
[0mGET /user/profile/css/user_profile.css [33m404[0m 62.208 ms - 172[0m
[0mGET / [36m304[0m 29.958 ms - -[0m
[0mGET /js/home_posts.js [33m404[0m 12.734 ms - 155[0m
[0mGET /user/profile/627155a43275c8f9e1a2ff42 [36m304[0m 32.775 ms - -[0m
[0mGET /user/profile/css/layout.css [33m404[0m 50.934 ms - 166[0m
[0mGET /user/profile/css/header.css [33m404[0m 75.655 ms - 166[0m
[0mGET /user/profile/css/footer.css [33m404[0m 103.750 ms - 166[0m
[0mGET /user/profile/css/user_profile.css [33m404[0m 95.249 ms - 172[0m
[0mGET /user/profile/627155a43275c8f9e1a2ff42 [36m304[0m 34.662 ms - -[0m
[0mGET /user/profile/css/layout.css [33m404[0m 36.550 ms - 166[0m
[0mGET /user/profile/css/footer.css [33m404[0m 298.445 ms - 166[0m
[0mGET /user/profile/css/user_profile.css [33m404[0m 26.279 ms - 172[0m
[0mGET /user/profile/css/header.css [33m404[0m 362.015 ms - 166[0m
[0mGET / [36m304[0m 31.272 ms - -[0m
[0mGET /js/home_posts.js [33m404[0m 17.730 ms - 155[0m
[0mGET / [36m304[0m 58.046 ms - -[0m
[0mGET /js/home_posts.js [33m404[0m 13.400 ms - 155[0m
[0mGET /user/profile/627155a43275c8f9e1a2ff42 [36m304[0m 24.801 ms - -[0m
[0mGET /user/profile/css/layout.css [33m404[0m 40.827 ms - 166[0m
[0mGET /user/profile/css/header.css [33m404[0m 35.344 ms - 166[0m
[0mGET /user/profile/css/footer.css [33m404[0m 33.970 ms - 166[0m
[0mGET /user/profile/css/user_profile.css [33m404[0m 31.703 ms - 172[0m
[0mGET /user/signOut [36m302[0m 20.353 ms - 70[0m
[0mGET /user/sign-in [32m200[0m 16.553 ms - 1411[0m
[0mGET /user/css/layout.css [33m404[0m 8.761 ms - 158[0m
[0mGET /user/css/header.css [33m404[0m 10.948 ms - 158[0m
[0mGET /user/css/footer.css [33m404[0m 14.784 ms - 158[0m
[0mPOST /user/createSession [36m302[0m 13.010 ms - 46[0m
[0mGET / [36m304[0m 26.030 ms - -[0m
[0mGET /js/home_posts.js [33m404[0m 26.085 ms - 155[0m
[0mGET / [36m304[0m 31.489 ms - -[0m
[0mGET /js/home_posts.js [33m404[0m 24.624 ms - 155[0m
[0mGET /user/profile/627155a43275c8f9e1a2ff42 [36m304[0m 20.972 ms - -[0m
[0mGET /user/profile/css/layout.css [33m404[0m 37.216 ms - 166[0m
[0mGET /user/profile/css/header.css [33m404[0m 37.256 ms - 166[0m
[0mGET /user/profile/css/footer.css [33m404[0m 28.593 ms - 166[0m
[0mGET /user/profile/css/user_profile.css [33m404[0m 31.901 ms - 172[0m
[0mPOST /user/createSession [36m302[0m 17.815 ms - 46[0m
[0mGET / [36m304[0m 24.643 ms - -[0m
[0mGET /js/home_posts.js [33m404[0m 36.637 ms - 155[0m
[0mGET /user/profile/627155a43275c8f9e1a2ff42 [36m304[0m 23.135 ms - -[0m
[0mGET /user/profile/css/layout.css [33m404[0m 32.561 ms - 166[0m
[0mGET /user/profile/css/header.css [33m404[0m 40.653 ms - 166[0m
[0mGET /user/profile/css/footer.css [33m404[0m 39.356 ms - 166[0m
[0mGET /user/profile/css/user_profile.css [33m404[0m 22.843 ms - 172[0m
[0mGET / [36m304[0m 301.438 ms - -[0m
[0mGET /js/home_posts.js [33m404[0m 87.327 ms - 155[0m
[0mGET /user/profile/627155a43275c8f9e1a2ff42 [36m304[0m 39.989 ms - -[0m
[0mGET /user/profile/css/footer.css [33m404[0m 63.039 ms - 166[0m
[0mGET /user/profile/css/layout.css [33m404[0m 25.240 ms - 166[0m
[0mGET /user/profile/css/header.css [33m404[0m 98.023 ms - 166[0m
[0mGET /user/profile/css/user_profile.css [33m404[0m 107.433 ms - 172[0m
[0mGET / [36m304[0m 46.066 ms - -[0m
[0mGET /js/home_posts.js [33m404[0m 25.565 ms - 155[0m
[0mGET / [36m304[0m 40.509 ms - -[0m
[0mGET /js/home_posts.js [33m404[0m 27.758 ms - 155[0m
[0mGET /user/profile/627155a43275c8f9e1a2ff42 [32m200[0m 28.652 ms - 1508[0m
[0mGET /user/profile/assest/css/user_profile.css [33m404[0m 27.730 ms - 179[0m
[0mGET /user/profile/css/layout.css [33m404[0m 31.134 ms - 166[0m
[0mGET /user/profile/css/header.css [33m404[0m 32.396 ms - 166[0m
[0mGET /user/profile/css/footer.css [33m404[0m 45.012 ms - 166[0m
[0mGET /user/profile/627155a43275c8f9e1a2ff42 [36m304[0m 40.520 ms - -[0m
[0mGET /user/profile/css/layout.css [33m404[0m 79.499 ms - 166[0m
[0mGET /user/profile/css/header.css [33m404[0m 73.667 ms - 166[0m
[0mGET /user/profile/css/footer.css [33m404[0m 56.161 ms - 166[0m
[0mGET /user/profile/assest/css/user_profile.css [33m404[0m 57.074 ms - 179[0m
[0mGET /user/profile/css/layout.css [33m404[0m 75.978 ms - 166[0m
[0mGET /user/profile/css/header.css [33m404[0m 90.751 ms - 166[0m
[0mGET /user/profile/css/footer.css [33m404[0m 94.904 ms - 166[0m
[0mGET /user/profile/assest/css/user_profile.css [33m404[0m 20.190 ms - 179[0m
[0mGET /user/profile/627155a43275c8f9e1a2ff42 [32m200[0m 39.480 ms - 1501[0m
[0mGET /user/profile/css/footer.css [33m404[0m 219.451 ms - 166[0m
[0mGET /user/profile/css/header.css [33m404[0m 213.167 ms - 166[0m
[0mGET /user/profile/css/layout.css [33m404[0m 204.748 ms - 166[0m
[0mGET /user/profile/css/user_profile.css [33m404[0m 187.704 ms - 172[0m
[0mGET / [36m304[0m 38.023 ms - -[0m
[0mGET /js/home_posts.js [33m404[0m 20.037 ms - 155[0m
[0mGET /user/profile/627155a43275c8f9e1a2ff42 [36m304[0m 37.654 ms - -[0m
[0mGET /user/profile/css/layout.css [33m404[0m 16.187 ms - 166[0m
[0mGET /user/profile/css/header.css [33m404[0m 36.698 ms - 166[0m
[0mGET /user/profile/css/footer.css [33m404[0m 38.948 ms - 166[0m
[0mGET /user/profile/css/user_profile.css [33m404[0m 44.345 ms - 172[0m
[0mGET /user/profile/627155a43275c8f9e1a2ff42 [36m304[0m 16.291 ms - -[0m
[0mGET /user/profile/css/layout.css [33m404[0m 13.985 ms - 166[0m
[0mGET /user/profile/css/header.css [33m404[0m 12.289 ms - 166[0m
[0mGET /user/profile/css/footer.css [33m404[0m 12.916 ms - 166[0m
[0mGET /user/profile/css/user_profile.css [33m404[0m 7.131 ms - 172[0m
[0mGET / [36m304[0m 22.594 ms - -[0m
[0mGET /js/home_posts.js [33m404[0m 80.758 ms - 155[0m
[0mGET / [36m304[0m 15.938 ms - -[0m
[0mGET /js/home_posts.js [33m404[0m 15.283 ms - 155[0m
[0mGET /user/profile/627155a43275c8f9e1a2ff42 [36m304[0m 12.398 ms - -[0m
[0mGET /user/profile/css/layout.css [33m404[0m 20.779 ms - 166[0m
[0mGET /user/profile/css/header.css [33m404[0m 20.738 ms - 166[0m
[0mGET /user/profile/css/footer.css [33m404[0m 20.753 ms - 166[0m
[0mGET /user/profile/css/user_profile.css [33m404[0m 15.343 ms - 172[0m
[0mGET /user/profile/627155a43275c8f9e1a2ff42 [32m200[0m 14.504 ms - 1502[0m
[0mGET /user/profile/css/layout.css [33m404[0m 7.145 ms - 166[0m
[0mGET /user/profile/css/header.css [33m404[0m 9.179 ms - 166[0m
[0mGET /user/profile/css/footer.css [33m404[0m 7.252 ms - 166[0m
[0mGET /user/profile/627155a43275c8f9e1a2ff42 [36m304[0m 14.212 ms - -[0m
[0mGET /user/profile/css/layout.css [33m404[0m 7.552 ms - 166[0m
[0mGET /user/profile/css/header.css [33m404[0m 8.127 ms - 166[0m
[0mGET /user/profile/css/footer.css [33m404[0m 10.989 ms - 166[0m
[0mGET /user/profile/627155a43275c8f9e1a2ff42 [36m304[0m 13.346 ms - -[0m
[0mGET /user/profile/css/layout.css [33m404[0m 16.202 ms - 166[0m
[0mGET /user/profile/css/header.css [33m404[0m 19.566 ms - 166[0m
[0mGET /user/profile/css/footer.css [33m404[0m 16.070 ms - 166[0m
[0mGET /user/profile/627155a43275c8f9e1a2ff42 [36m304[0m 12.904 ms - -[0m
[0mGET /user/profile/css/layout.css [33m404[0m 23.667 ms - 166[0m
[0mGET /user/profile/css/header.css [33m404[0m 22.729 ms - 166[0m
[0mGET /user/profile/css/footer.css [33m404[0m 23.916 ms - 166[0m
[0mGET /user/profile/627155a43275c8f9e1a2ff42 [36m304[0m 19.224 ms - -[0m
[0mGET /user/profile/css/layout.css [33m404[0m 18.001 ms - 166[0m
[0mGET /user/profile/css/header.css [33m404[0m 15.859 ms - 166[0m
[0mGET /user/profile/css/footer.css [33m404[0m 17.613 ms - 166[0m
[0mGET /user/profile/627155a43275c8f9e1a2ff42 [36m304[0m 15.519 ms - -[0m
[0mGET /user/profile/css/layout.css [33m404[0m 17.186 ms - 166[0m
[0mGET /user/profile/css/header.css [33m404[0m 16.967 ms - 166[0m
[0mGET /user/profile/css/footer.css [33m404[0m 18.265 ms - 166[0m
[0mGET /user/profile/627155a43275c8f9e1a2ff42 [36m304[0m 14.393 ms - -[0m
[0mGET /user/profile/css/layout.css [33m404[0m 17.987 ms - 166[0m
[0mGET /user/profile/css/header.css [33m404[0m 20.048 ms - 166[0m
[0mGET /user/profile/css/footer.css [33m404[0m 28.117 ms - 166[0m
[0mGET /user/profile/627155a43275c8f9e1a2ff42 [36m304[0m 15.854 ms - -[0m
[0mGET /user/profile/css/layout.css [33m404[0m 17.464 ms - 166[0m
[0mGET /user/profile/css/header.css [33m404[0m 20.478 ms - 166[0m
[0mGET /user/profile/css/footer.css [33m404[0m 25.810 ms - 166[0m
[0mGET /user/profile/627155a43275c8f9e1a2ff42 [36m304[0m 18.534 ms - -[0m
[0mGET /user/profile/css/layout.css [33m404[0m 48.659 ms - 166[0m
[0mGET /user/profile/css/header.css [33m404[0m 39.154 ms - 166[0m
[0mGET /user/profile/css/footer.css [33m404[0m 41.799 ms - 166[0m
[0mGET /user/profile/627155a43275c8f9e1a2ff42 [36m304[0m 29.044 ms - -[0m
[0mGET /user/profile/css/layout.css [33m404[0m 43.074 ms - 166[0m
[0mGET /user/profile/css/header.css [33m404[0m 38.416 ms - 166[0m
[0mGET /user/profile/css/footer.css [33m404[0m 46.774 ms - 166[0m
[0mGET /user/profile/627155a43275c8f9e1a2ff42 [36m304[0m 24.178 ms - -[0m
[0mGET /user/profile/css/layout.css [33m404[0m 19.024 ms - 166[0m
[0mGET /user/profile/css/header.css [33m404[0m 19.632 ms - 166[0m
[0mGET /user/profile/css/footer.css [33m404[0m 18.742 ms - 166[0m
[0mGET /user/profile/627155a43275c8f9e1a2ff42 [36m304[0m 13.530 ms - -[0m
[0mGET /user/profile/css/layout.css [33m404[0m 16.105 ms - 166[0m
[0mGET /user/profile/css/header.css [33m404[0m 19.399 ms - 166[0m
[0mGET /user/profile/css/footer.css [33m404[0m 20.575 ms - 166[0m
[0mGET /user/profile/627155a43275c8f9e1a2ff42 [36m304[0m 12.816 ms - -[0m
[0mGET /user/profile/css/layout.css [33m404[0m 11.616 ms - 166[0m
[0mGET /user/profile/css/header.css [33m404[0m 14.935 ms - 166[0m
[0mGET /user/profile/css/footer.css [33m404[0m 12.332 ms - 166[0m
[0mGET /user/profile/css/layout.css [33m404[0m 7.715 ms - 166[0m
[0mGET / [36m304[0m 21.597 ms - -[0m
[0mGET /js/home_posts.js [33m404[0m 12.962 ms - 155[0m
[0mGET /user/profile/627155a43275c8f9e1a2ff42 [36m304[0m 12.809 ms - -[0m
[0mGET /user/profile/css/layout.css [33m404[0m 13.340 ms - 166[0m
[0mGET /user/profile/css/header.css [33m404[0m 21.131 ms - 166[0m
[0mGET /user/profile/css/footer.css [33m404[0m 9.923 ms - 166[0m
[0mGET /user/profile/627155a43275c8f9e1a2ff42 [36m304[0m 13.672 ms - -[0m
[0mGET /user/profile/css/layout.css [33m404[0m 21.981 ms - 166[0m
[0mGET /user/profile/css/header.css [33m404[0m 19.806 ms - 166[0m
[0mGET /user/profile/css/footer.css [33m404[0m 20.710 ms - 166[0m
[0mGET /user/profile/627155a43275c8f9e1a2ff42 [36m304[0m 19.464 ms - -[0m
[0mGET /user/profile/css/layout.css [33m404[0m 15.560 ms - 166[0m
[0mGET /user/profile/css/header.css [33m404[0m 16.997 ms - 166[0m
[0mGET /user/profile/css/footer.css [33m404[0m 18.753 ms - 166[0m
[0mGET /user/profile/627155a43275c8f9e1a2ff42 [36m304[0m 12.910 ms - -[0m
[0mGET /user/profile/css/layout.css [33m404[0m 16.143 ms - 166[0m
[0mGET /user/profile/css/header.css [33m404[0m 12.484 ms - 166[0m
[0mGET /user/profile/css/footer.css [33m404[0m 14.583 ms - 166[0m
[0mGET /user/profile/627155a43275c8f9e1a2ff42 [36m304[0m 14.427 ms - -[0m
[0mGET /user/profile/css/layout.css [33m404[0m 4.608 ms - 166[0m
[0mGET /user/profile/css/header.css [33m404[0m 7.064 ms - 166[0m
[0mGET /user/profile/css/footer.css [33m404[0m 8.073 ms - 166[0m
[0mGET / [32m200[0m 15.391 ms - 2684[0m
[0mGET /js/home_posts.js [33m404[0m 9.385 ms - 155[0m
[0mGET /user/signOut [36m302[0m 11.115 ms - 70[0m
[0mGET /user/sign-in [36m304[0m 12.004 ms - -[0m
[0mGET /user/css/layout.css [33m404[0m 5.257 ms - 158[0m
[0mGET /user/css/header.css [33m404[0m 3.903 ms - 158[0m
[0mGET /user/css/footer.css [33m404[0m 2.927 ms - 158[0m
[0mGET /user/sign-in [32m200[0m 10.810 ms - 1203[0m
[0mGET /user/css/layout.css [33m404[0m 8.236 ms - 158[0m
[0mGET /user/css/header.css [33m404[0m 5.518 ms - 158[0m
[0mGET /user/css/footer.css [33m404[0m 6.980 ms - 158[0m
[0mGET /user/sign-in [36m304[0m 6.512 ms - -[0m
[0mGET /user/css/layout.css [33m404[0m 3.361 ms - 158[0m
[0mGET /user/css/header.css [33m404[0m 3.831 ms - 158[0m
[0mGET /user/css/footer.css [33m404[0m 3.207 ms - 158[0m
[0mPOST /user/createSession [36m302[0m 6.887 ms - 46[0m
[0mGET / [36m304[0m 13.812 ms - -[0m
[0mGET /js/home_posts.js [33m404[0m 13.054 ms - 155[0m
[0mGET / [36m304[0m 15.585 ms - -[0m
[0mGET /js/home_posts.js [33m404[0m 5.995 ms - 155[0m
[0mGET /user/signOut [36m302[0m 5.112 ms - 70[0m
[0mGET /user/sign-in [32m200[0m 9.278 ms - 1411[0m
[0mGET /user/css/layout.css [33m404[0m 4.136 ms - 158[0m
[0mGET /user/css/header.css [33m404[0m 2.656 ms - 158[0m
[0mGET /user/css/footer.css [33m404[0m 3.782 ms - 158[0m
[0mGET /user/sign-in [32m200[0m 7.413 ms - 1203[0m
[0mGET /user/css/layout.css [33m404[0m 6.786 ms - 158[0m
[0mGET /user/css/header.css [33m404[0m 8.393 ms - 158[0m
[0mGET /user/css/footer.css [33m404[0m 7.054 ms - 158[0m
[0mPOST /user/createSession [36m302[0m 5.881 ms - 46[0m
[0mGET / [36m304[0m 16.702 ms - -[0m
[0mGET /js/home_posts.js [33m404[0m 19.584 ms - 155[0m
[0mGET /user/profile/627155a43275c8f9e1a2ff42 [36m304[0m 14.546 ms - -[0m
[0mGET /user/profile/css/layout.css [33m404[0m 11.096 ms - 166[0m
[0mGET /user/profile/css/header.css [33m404[0m 12.058 ms - 166[0m
[0mGET /user/profile/css/footer.css [33m404[0m 14.097 ms - 166[0m
[0mGET / [36m304[0m 23.871 ms - -[0m
[0mGET /js/home_posts.js [33m404[0m 8.197 ms - 155[0m
[0mGET / [36m304[0m 14.956 ms - -[0m
[0mGET /js/home_posts.js [33m404[0m 12.528 ms - 155[0m
[0mGET /user/signOut [36m302[0m 9.407 ms - 70[0m
[0mGET /user/sign-in [32m200[0m 7.369 ms - 1411[0m
[0mGET /user/css/layout.css [33m404[0m 3.631 ms - 158[0m
[0mGET /user/css/header.css [33m404[0m 5.848 ms - 158[0m
[0mGET /user/css/footer.css [33m404[0m 5.725 ms - 158[0m
[0mGET /user/css/layout.css [33m404[0m 14.430 ms - 158[0m
[0mGET /user/css/header.css [33m404[0m 16.273 ms - 158[0m
[0mGET /user/css/footer.css [33m404[0m 20.064 ms - 158[0m
[0mGET /user/sign-in [32m200[0m 7.691 ms - 1206[0m
[0mGET /user/sign-in [36m304[0m 7.153 ms - -[0m
[0mPOST /user/createSession [36m302[0m 5.877 ms - 46[0m
[0mGET / [32m200[0m 15.195 ms - 2687[0m
[0mGET /js/home_posts.js [33m404[0m 14.361 ms - 155[0m
[0mGET /user/profile/627155a43275c8f9e1a2ff42 [32m200[0m 11.504 ms - 1505[0m
[0mGET /user/signOut [36m302[0m 6.140 ms - 70[0m
[0mGET /user/sign-in [32m200[0m 7.378 ms - 1414[0m
[0mGET /user/sign-in [32m200[0m 7.868 ms - 1206[0m
[0mGET /user/sign-in [36m304[0m 34.431 ms - -[0m
[0mGET /user/sign-in [32m200[0m 27.524 ms - 1209[0m
[0mGET /user/sign-in [32m200[0m 12.504 ms - 1206[0m
[0mGET /user/sign-in [36m304[0m 12.804 ms - -[0m
[0mPOST /user/createSession [36m302[0m 17.839 ms - 46[0m
[0mGET / [32m200[0m 25.649 ms - 2689[0m
[0mGET /js/home_posts.js [33m404[0m 9.727 ms - 155[0m
[0mGET /user/profile/627155a43275c8f9e1a2ff42 [36m304[0m 11.294 ms - -[0m
[0mGET / [32m200[0m 53.378 ms - 2684[0m
[0mGET /js/home_posts.js [33m404[0m 13.834 ms - 155[0m
[0mGET /user/profile/627155a43275c8f9e1a2ff42 [32m200[0m 18.608 ms - 1501[0m
[0mGET /user/profile/css/layout.css [33m404[0m 19.314 ms - 166[0m
[0mGET /user/profile/css/header.css [33m404[0m 38.431 ms - 166[0m
[0mGET /user/profile/css/footer.css [33m404[0m 34.922 ms - 166[0m
[0mGET /user/profile/css/user_profile.css [33m404[0m 43.632 ms - 172[0m
[0mGET /user/profile/627155a43275c8f9e1a2ff42 [32m200[0m 14.068 ms - 1502[0m
[0mGET /user/profile/css/layout.css [33m404[0m 20.173 ms - 166[0m
[0mGET /user/profile/css/header.css [33m404[0m 19.918 ms - 166[0m
[0mGET /user/profile/css/footer.css [33m404[0m 21.101 ms - 166[0m
[0mGET /user/signOut [36m302[0m 9.775 ms - 70[0m
[0mGET /user/sign-in [32m200[0m 8.408 ms - 1411[0m
[0mGET /user/css/layout.css [33m404[0m 9.652 ms - 158[0m
[0mGET /user/css/header.css [33m404[0m 6.228 ms - 158[0m
[0mGET /user/css/footer.css [33m404[0m 8.657 ms - 158[0m
[0mGET /user/sign-in [32m200[0m 10.155 ms - 1203[0m
[0mGET /user/css/layout.css [33m404[0m 6.241 ms - 158[0m
[0mGET /user/css/header.css [33m404[0m 7.514 ms - 158[0m
[0mGET /user/css/footer.css [33m404[0m 3.907 ms - 158[0m
[0mGET /user/sign-in [36m304[0m 9.222 ms - -[0m
[0mGET /user/css/layout.css [33m404[0m 6.956 ms - 158[0m
[0mGET /user/css/header.css [33m404[0m 7.559 ms - 158[0m
[0mGET /user/css/footer.css [33m404[0m 8.763 ms - 158[0m
[0mGET /user/css/layout.css [33m404[0m 9.938 ms - 158[0m
[0mGET /user/css/header.css [33m404[0m 7.347 ms - 158[0m
[0mGET /user/css/footer.css [33m404[0m 8.048 ms - 158[0m
[0mGET /user/sign-in [32m200[0m 12.998 ms - 1206[0m
[0mGET / [32m200[0m 54.132 ms - 1920[0m
[0mGET /js/home_posts.js [33m404[0m 14.377 ms - 155[0m
[0mGET /favicon.ico [33m404[0m 4.919 ms - 150[0m
[0mGET /user/sign-in [36m304[0m 12.042 ms - -[0m
[0mPOST /user/createSession [36m302[0m 14.519 ms - 46[0m
[0mGET / [32m200[0m 23.990 ms - 2687[0m
[0mGET /js/home_posts.js [33m404[0m 13.296 ms - 155[0m
[0mGET /user/profile/627155a43275c8f9e1a2ff42 [32m200[0m 16.599 ms - 1505[0m
[0mGET /user/profile/627155a43275c8f9e1a2ff42 [36m304[0m 14.789 ms - -[0m
[0mGET /user/profile/627155ad3275c8f9e1a2ff45 [32m200[0m 17.266 ms - 1072[0m
[0mGET / [32m200[0m 18.482 ms - 2927[0m
[0mGET /js/home_posts.js [33m404[0m 15.683 ms - 155[0m
[0mGET / [36m304[0m 13.548 ms - -[0m
[0mGET /js/home_posts.js [33m404[0m 8.755 ms - 155[0m
[0mGET / [36m304[0m 13.092 ms - -[0m
[0mGET /js/home_posts.js [33m404[0m 16.845 ms - 155[0m
[0mGET / [36m304[0m 13.048 ms - -[0m
[0mGET /js/home_posts.js [33m404[0m 16.312 ms - 155[0m
[0mGET / [36m304[0m 21.363 ms - -[0m
[0mGET /js/home_posts.js [33m404[0m 16.703 ms - 155[0m
[0mGET / [36m304[0m 10.195 ms - -[0m
[0mGET /js/home_posts.js [33m404[0m 22.778 ms - 155[0m
[0mGET / [36m304[0m 14.536 ms - -[0m
[0mGET /js/home_posts.js [33m404[0m 10.754 ms - 155[0m
[0mGET / [36m304[0m 16.888 ms - -[0m
[0mGET /js/home_posts.js [33m404[0m 26.384 ms - 155[0m
[0mGET / [36m304[0m 22.865 ms - -[0m
[0mGET /js/home_posts.js [33m404[0m 11.881 ms - 155[0m
[0mGET /users/profile/627155a43275c8f9e1a2ff42 [33m404[0m 8.105 ms - 177[0m
[0mGET /users/profile/627155ad3275c8f9e1a2ff45 [33m404[0m 5.474 ms - 177[0m
[0mGET /user/profile/627155a43275c8f9e1a2ff42 [36m304[0m 14.916 ms - -[0m
[0mGET /user/profile/627155ad3275c8f9e1a2ff45 [36m304[0m 12.005 ms - -[0m
[0mGET / [32m200[0m 12.529 ms - 2687[0m
[0mGET /js/home_posts.js [33m404[0m 6.751 ms - 155[0m
[0mGET / [36m304[0m 12.452 ms - -[0m
[0mGET /js/home_posts.js [33m404[0m 11.417 ms - 155[0m
[0mGET / [36m304[0m 11.577 ms - -[0m
[0mGET /js/home_posts.js [33m404[0m 8.728 ms - 155[0m
[0mGET / [36m304[0m 12.543 ms - -[0m
[0mGET /js/home_posts.js [33m404[0m 9.990 ms - 155[0m
[0mGET / [36m304[0m 12.473 ms - -[0m
[0mGET /js/home_posts.js [33m404[0m 12.324 ms - 155[0m
[0mGET / [36m304[0m 13.938 ms - -[0m
[0mGET /js/home_posts.js [33m404[0m 7.456 ms - 155[0m
[0mGET / [36m304[0m 16.165 ms - -[0m
[0mGET /js/home_posts.js [33m404[0m 10.826 ms - 155[0m
[0mGET / [36m304[0m 10.828 ms - -[0m
[0mGET /js/home_posts.js [33m404[0m 18.787 ms - 155[0m
[0mGET /user/sign-in [36m302[0m 5.658 ms - 70[0m
[0mGET /user/profile [33m404[0m 6.865 ms - 151[0m
[0mGET /user/profile [33m404[0m 7.413 ms - 151[0m
[0mGET /user/profile [33m404[0m 5.357 ms - 151[0m
[0mGET /user/profile [33m404[0m 5.065 ms - 151[0m
[0mGET /user/profile [33m404[0m 5.003 ms - 151[0m
[0mGET /js/home_posts.js [33m404[0m 6.192 ms - 155[0m
[0mGET / [36m304[0m 16.118 ms - -[0m
[0mGET /js/home_posts.js [33m404[0m 5.663 ms - 155[0m
[0mGET /user/profile/627155a43275c8f9e1a2ff42 [36m304[0m 11.617 ms - -[0m
[0mGET /user/profile/627155ad3275c8f9e1a2ff45 [36m304[0m 13.982 ms - -[0m
[0mGET / [32m200[0m 16.763 ms - 2788[0m
[0mGET /js/home_posts.js [33m404[0m 7.913 ms - 155[0m
[0mGET / [36m304[0m 20.418 ms - -[0m
[0mGET /js/home_posts.js [33m404[0m 8.554 ms - 155[0m
[0mGET /user/profile/627155a43275c8f9e1a2ff42 [36m304[0m 10.512 ms - -[0m
[0mGET /user/signOut [36m302[0m 5.498 ms - 70[0m
[0mGET /user/sign-in [32m200[0m 7.487 ms - 1414[0m
[0mPOST /user/createSession [36m302[0m 7.591 ms - 46[0m
[0mGET / [36m304[0m 12.431 ms - -[0m
[0mGET /js/home_posts.js [33m404[0m 7.045 ms - 155[0m
[0mGET /user/profile/627155ad3275c8f9e1a2ff45 [36m304[0m 11.182 ms - -[0m
[0mPOST /post/create [36m302[0m 36.037 ms - 88[0m
[0mGET / [32m200[0m 25.066 ms - 4265[0m
[0mGET /js/home_posts.js [33m404[0m 6.555 ms - 155[0m
[0mPOST /comment/create [0m-[0m - ms - -[0m
[0mGET / [32m200[0m 20.453 ms - 4373[0m
[0mGET /js/home_posts.js [33m404[0m 7.877 ms - 155[0m
[0mGET / [32m200[0m 109.695 ms - 4687[0m
[0mGET /js/home_posts.js [33m404[0m 20.391 ms - 155[0m
[0mGET /user/profile/627155ad3275c8f9e1a2ff45 [36m304[0m 14.148 ms - -[0m
[0mGET / [32m200[0m 88.337 ms - 5629[0m
[0mGET /js/home_posts.js [33m404[0m 12.965 ms - 155[0m
[0mPOST /comment/create [0m-[0m - ms - -[0m
[0mGET /user/profile/627155ad3275c8f9e1a2ff45 [36m304[0m 27.126 ms - -[0m
[0mGET / [32m200[0m 81.504 ms - 5950[0m
[0mGET /js/home_posts.js [33m404[0m 18.240 ms - 155[0m
[0mPOST /comment/create [36m302[0m 39.129 ms - 46[0m
[0mGET / [32m200[0m 82.611 ms - 6475[0m
[0mGET /js/home_posts.js [33m404[0m 35.695 ms - 155[0m
[0mGET /user/profile/627155ad3275c8f9e1a2ff45 [36m304[0m 60.506 ms - -[0m
[0mGET / [32m200[0m 48.809 ms - 6901[0m
[0mGET /js/home_posts.js [33m404[0m 15.157 ms - 155[0m
[0mGET /comment/destroy/627d15e32a331956eca67e91 [0m-[0m - ms - -[0m
[0mGET /comment/destroy/627d15e32a331956eca67e91 [0m-[0m - ms - -[0m
[0mGET / [32m200[0m 96.311 ms - 6562[0m
[0mGET /js/home_posts.js [33m404[0m 16.438 ms - 155[0m
[0mGET / [36m304[0m 42.775 ms - -[0m
[0mGET /js/home_posts.js [33m404[0m 20.476 ms - 155[0m
[0mGET /comment/destroy/627d16402a331956eca67e9e [0m-[0m - ms - -[0m
[0mGET / [32m200[0m 243.781 ms - 6147[0m
[0mGET /js/home_posts.js [33m404[0m 17.599 ms - 155[0m
[0mGET /js/home_posts.js [33m404[0m 12.392 ms - 155[0m
[0mGET /comment/destroy/627d167174155f12f268bf35 [0m-[0m - ms - -[0m
[0mGET / [32m200[0m 1000.786 ms - 5732[0m
[0mGET /comment/destroy/627d1776ee8093c039d29aba [36m302[0m 98.363 ms - 88[0m
[0mGET / [32m200[0m 62.578 ms - 5520[0m
[0mGET /js/home_posts.js [33m404[0m 38.798 ms - 155[0m
[0mGET /comment/destroy/627d177bdd0efbca8a813626 [36m302[0m 79.944 ms - 88[0m
[0mGET / [32m200[0m 72.725 ms - 5105[0m
[0mGET /js/home_posts.js [33m404[0m 30.409 ms - 155[0m
[0mGET /comment/destroy/627d17fe97bc4ca873a8a9a1 [36m302[0m 41.172 ms - 88[0m
[0mGET / [32m200[0m 63.861 ms - 4683[0m
[0mGET /js/home_posts.js [33m404[0m 24.311 ms - 155[0m
[0mGET /comment/destroy/627d18c5e60fbdbfef75bd5f [36m302[0m 103.891 ms - 88[0m
[0mGET / [32m200[0m 43.689 ms - 4261[0m
[0mGET /js/home_posts.js [33m404[0m 48.055 ms - 155[0m
[0mGET /user/profile/627155ad3275c8f9e1a2ff45 [36m304[0m 36.815 ms - -[0m
[0mGET / [32m200[0m 116.710 ms - 2661[0m
[0mGET /js/home_posts.js [33m404[0m 17.891 ms - 155[0m
[0mGET /favicon.ico [33m404[0m 5.648 ms - 150[0m
[0mGET /user/sign-in [32m200[0m 7.196 ms - 1206[0m
[0mPOST /user/createSession [36m302[0m 11.957 ms - 46[0m
[0mGET / [32m200[0m 20.188 ms - 4058[0m
[0mGET /js/home_posts.js [33m404[0m 8.701 ms - 155[0m
[0mPOST /comment/create [36m302[0m 38.088 ms - 46[0m
[0mGET / [32m200[0m 45.344 ms - 4686[0m
[0mGET /js/home_posts.js [33m404[0m 16.151 ms - 155[0m
[0mGET /comment/destroy/627fa95506710b692c8712e2 [36m302[0m 30.287 ms - 88[0m
[0mGET / [32m200[0m 17.058 ms - 4261[0m
[0mGET /js/home_posts.js [33m404[0m 12.364 ms - 155[0m
[0mPOST /like/toggleLike/?id=627d15df2a331956eca67e88&type=Post [33m404[0m 5.123 ms - 156[0m
[0mPOST /like/toggleLike/?id=627d15df2a331956eca67e88&type=Post [33m404[0m 5.039 ms - 156[0m
[0mPOST /like/toggleLike/?id=627d15df2a331956eca67e88&type=Post [33m404[0m 5.349 ms - 156[0m
[0mPOST /like/toggleLike/?id=627d15df2a331956eca67e88&type=Post [33m404[0m 4.600 ms - 156[0m
[0mPOST /like/toggleLike/?id=627d15df2a331956eca67e88&type=Post [33m404[0m 5.635 ms - 156[0m
[0mPOST /comment/create [36m302[0m 19.909 ms - 46[0m
[0mGET / [32m200[0m 33.440 ms - 4686[0m
[0mGET /js/home_posts.js [33m404[0m 10.317 ms - 155[0m
[0mPOST /like/toggleLike/?id=627fa96306710b692c8712ff&type=Comment [33m404[0m 7.120 ms - 156[0m
[0mPOST /like/toggleLike/?id=627fa96306710b692c8712ff&type=Comment [33m404[0m 6.547 ms - 156[0m
[0mPOST /like/toggleLike/?id=627fa96306710b692c8712ff&type=Comment [33m404[0m 4.622 ms - 156[0m
[0mPOST /like/toggleLike/?id=627fa96306710b692c8712ff&type=Comment [33m404[0m 4.872 ms - 156[0m
[0mPOST /like/toggleLike/?id=627fa96306710b692c8712ff&type=Comment [33m404[0m 4.822 ms - 156[0m
[0mPOST /like/toggleLike/?id=627fa96306710b692c8712ff&type=Comment [33m404[0m 6.046 ms - 156[0m
[0mPOST /like/toggleLike/?id=627fa96306710b692c8712ff&type=Comment [33m404[0m 5.855 ms - 156[0m
[0mPOST /like/toggleLike/?id=627fa96306710b692c8712ff&type=Comment [33m404[0m 5.271 ms - 156[0m
[0mPOST /like/toggleLike/?id=627d15df2a331956eca67e88&type=Post [33m404[0m 13.192 ms - 156[0m
[0mPOST /like/toggleLike/?id=627d15df2a331956eca67e88&type=Post [33m404[0m 10.714 ms - 156[0m
[0mPOST /like/toggleLike/?id=627d15df2a331956eca67e88&type=Post [33m404[0m 12.091 ms - 156[0m
[0mPOST /like/toggleLike/?id=627d15df2a331956eca67e88&type=Post [33m404[0m 6.006 ms - 156[0m
[0mPOST /like/toggleLike/?id=627d15df2a331956eca67e88&type=Post [33m404[0m 4.243 ms - 156[0m
[0mPOST /like/toggleLike/?id=627d15df2a331956eca67e88&type=Post [33m404[0m 4.704 ms - 156[0m
[0mPOST /like/toggleLike/?id=627d15df2a331956eca67e88&type=Post [33m404[0m 5.826 ms - 156[0m
[0mPOST /like/toggleLike/?id=627d15df2a331956eca67e88&type=Post [33m404[0m 5.591 ms - 156[0m
[0mPOST /like/toggleLike/?id=627d15df2a331956eca67e88&type=Post [33m404[0m 4.669 ms - 156[0m
[0mPOST /like/toggleLike/?id=627d15df2a331956eca67e88&type=Post [33m404[0m 4.895 ms - 156[0m
[0mPOST /like/toggleLike/?id=627d15df2a331956eca67e88&type=Post [33m404[0m 7.234 ms - 156[0m
[0mPOST /like/toggleLike/?id=627d15df2a331956eca67e88&type=Post [33m404[0m 7.184 ms - 156[0m
[0mPOST /like/toggleLike/?id=627d15df2a331956eca67e88&type=Post [33m404[0m 5.616 ms - 156[0m
[0mPOST /like/toggleLike/?id=627d15df2a331956eca67e88&type=Post [33m404[0m 5.054 ms - 156[0m
[0mPOST /like/toggleLike/?id=627d15df2a331956eca67e88&type=Post [33m404[0m 7.390 ms - 156[0m
[0mGET / [32m200[0m 103.127 ms - 4482[0m
[0mGET /js/home_posts.js [33m404[0m 62.054 ms - 155[0m
[0mGET / [36m304[0m 87.803 ms - -[0m
[0mGET /js/home_posts.js [33m404[0m 12.421 ms - 155[0m
[0mGET /user/profile/627155ad3275c8f9e1a2ff45 [36m304[0m 13.220 ms - -[0m
[0mGET /user/profile/627155a43275c8f9e1a2ff42 [36m304[0m 14.117 ms - -[0m
[0mGET /user/profile/627155ad3275c8f9e1a2ff45 [36m304[0m 9.371 ms - -[0m
[0mGET / [32m200[0m 116.304 ms - 2829[0m
[0mGET /js/home_posts.js [33m404[0m 8.404 ms - 155[0m
[0mGET /user/sign-in [36m304[0m 7.605 ms - -[0m
[0mPOST /user/createSession [36m302[0m 13.935 ms - 46[0m
[0mGET / [32m200[0m 33.098 ms - 4485[0m
[0mGET /js/home_posts.js [33m404[0m 13.272 ms - 155[0m
[0mPOST /post/create [36m302[0m 28.386 ms - 88[0m
[0mGET / [32m200[0m 37.057 ms - 5973[0m
[0mPOST /like/toggleLike/?id=627fa96306710b692c8712ff&type=Comment [0m-[0m 13.137 ms - -[0m
[0mPOST /like/toggleLike/?id=627d15df2a331956eca67e88&type=Post [0m-[0m 15.075 ms - -[0m
[0mPOST /like/toggleLike/?id=627d15df2a331956eca67e88&type=Post [0m-[0m 11.559 ms - -[0m
[0mGET /js/home_posts.js [33m404[0m 9.604 ms - 155[0m
[0mGET /post/destroy/627fc21c134c8d9ffc2cabce [36m302[0m 30.929 ms - 88[0m
[0mGET / [32m200[0m 21.629 ms - 4701[0m
[0mGET /js/home_posts.js [33m404[0m 12.229 ms - 155[0m
[0mPOST /post/create [36m302[0m 10.012 ms - 88[0m
[0mGET / [32m200[0m 26.624 ms - 5985[0m
[0mGET /js/home_posts.js [33m404[0m 8.960 ms - 155[0m
[0mPOST /post/create [36m302[0m 17.780 ms - 88[0m
[0mGET / [32m200[0m 29.784 ms - 7265[0m
[0mPOST /like/toggleLike/?id=627fc22c134c8d9ffc2cabe5&type=Post [0m-[0m 12.474 ms - -[0m
[0mGET /js/home_posts.js [33m404[0m 7.416 ms - 155[0m
[0mGET / [32m200[0m 33.679 ms - 2791[0m
[0mPOST /like/toggleLike/?id=627fc235134c8d9ffc2cabf4&type=Post [0m-[0m 54.919 ms - -[0m
[0mGET /js/home_posts.js [33m404[0m 12.082 ms - 155[0m
[0mPOST /post/create [36m302[0m 15.106 ms - 88[0m
[0mGET / [32m200[0m 27.105 ms - 4279[0m
[0mGET /js/home_posts.js [33m404[0m 14.796 ms - 155[0m
[0mGET / [32m200[0m 66.322 ms - 4072[0m
[0mGET /js/home_posts.js [33m404[0m 17.730 ms - 155[0m
[0mGET /post/destroy/627fc32d3b82ecd253aade85 [36m302[0m 31.769 ms - 88[0m
[0mGET / [32m200[0m 18.380 ms - 3007[0m
[0mPOST /like/toggleLike/?id=627fc32d3b82ecd253aade85&type=Post [0m-[0m 19.039 ms - -[0m
[0mGET /js/home_posts.js [33m404[0m 15.950 ms - 155[0m
[0mGET / [32m200[0m 26.704 ms - 2791[0m
[0mGET /js/home_posts.js [33m404[0m 41.899 ms - 155[0m
[0mPOST /post/create [36m302[0m 20.542 ms - 88[0m
[0mGET / [32m200[0m 21.308 ms - 4275[0m
[0mGET /js/home_posts.js [33m404[0m 10.979 ms - 155[0m
[0mGET /post/destroy/627fc45906eb936872eb4f29 [36m302[0m 33.313 ms - 88[0m
[0mGET / [32m200[0m 32.329 ms - 3007[0m
[0mPOST /like/toggleLike/?id=627fc45906eb936872eb4f29&type=Post [0m-[0m 42.974 ms - -[0m
[0mGET /js/home_posts.js [33m404[0m 39.536 ms - 155[0m
[0mPOST /post/create [36m302[0m 21.021 ms - 88[0m
[0mGET / [32m200[0m 23.557 ms - 4272[0m
[0mGET /js/home_posts.js [33m404[0m 14.038 ms - 155[0m
[0mGET / [32m200[0m 48.933 ms - 4065[0m
[0mPOST /like/toggleLike/?id=627fc529678a0d5695c01801&type=Post [0m-[0m 24.778 ms - -[0m
[0mGET /js/home_posts.js [33m404[0m 7.144 ms - 155[0m
[0mPOST /post/create [36m302[0m 52.576 ms - 88[0m
[0mGET / [32m200[0m 65.311 ms - 5549[0m
[0mGET /js/home_posts.js [33m404[0m 14.569 ms - 155[0m
[0mPOST /post/create [36m302[0m 33.926 ms - 88[0m
[0mGET / [32m200[0m 44.838 ms - 6833[0m
[0mPOST /like/toggleLike/?id=627fc57b06691c57babab363&type=Post [0m-[0m 44.290 ms - -[0m
[0mGET /js/home_posts.js [33m404[0m 7.926 ms - 155[0m
[0mPOST /post/create [36m302[0m 36.019 ms - 88[0m
[0mGET / [32m200[0m 53.969 ms - 8117[0m
[0mPOST /like/toggleLike/?id=627fc5a04330b2bd88a31846&type=Post [0m-[0m 53.824 ms - -[0m
[0mGET /js/home_posts.js [33m404[0m 12.816 ms - 155[0m
[0mGET / [32m200[0m 86.770 ms - 7910[0m
[0mGET /js/home_posts.js [33m404[0m 17.648 ms - 155[0m
[0mPOST /post/create [36m302[0m 33.219 ms - 88[0m
[0mGET / [32m200[0m 32.929 ms - 9418[0m
[0mGET /js/home_posts.js [33m404[0m 21.142 ms - 155[0m
[0mPOST /post/create [36m302[0m 53.937 ms - 88[0m
[0mGET / [32m200[0m 54.692 ms - 10687[0m
[0mGET /js/home_posts.js [33m404[0m 10.751 ms - 155[0m
[0mPOST /like/toggleLike/?id=627fc70735c8e8b928fefc5e&type=Post [32m200[0m 31.934 ms - 61[0m
[0mPOST /like/toggleLike/?id=627fc70735c8e8b928fefc5e&type=Post [32m200[0m 16.885 ms - 60[0m
[0mPOST /like/toggleLike/?id=627fc70735c8e8b928fefc5e&type=Post [32m200[0m 17.259 ms - 61[0m
[0mPOST /like/toggleLike/?id=627fc70735c8e8b928fefc5e&type=Post [32m200[0m 14.636 ms - 60[0m
[0mPOST /like/toggleLike/?id=627fc70735c8e8b928fefc5e&type=Post [32m200[0m 16.838 ms - 61[0m
[0mGET /post/destroy/627fc70735c8e8b928fefc5e [36m302[0m 22.528 ms - 88[0m
[0mGET / [32m200[0m 31.238 ms - 9427[0m
[0mGET /js/home_posts.js [33m404[0m 21.503 ms - 155[0m
[0mGET /post/destroy/627fc64f68e38e5c7bc9c062 [36m302[0m 18.913 ms - 88[0m
[0mGET / [32m200[0m 37.241 ms - 8126[0m
[0mGET /js/home_posts.js [33m404[0m 10.102 ms - 155[0m
[0mGET /post/destroy/627fc5beab3a2d4fa6da9e60 [36m302[0m 17.896 ms - 88[0m
[0mGET / [32m200[0m 23.153 ms - 6842[0m
[0mGET /js/home_posts.js [33m404[0m 16.204 ms - 155[0m
[0mGET /post/destroy/627fc5a04330b2bd88a31846 [36m302[0m 29.833 ms - 88[0m
[0mGET / [32m200[0m 71.655 ms - 5558[0m
[0mGET /js/home_posts.js [33m404[0m 17.428 ms - 155[0m
[0mGET /post/destroy/627fc57b06691c57babab363 [36m302[0m 18.008 ms - 88[0m
[0mGET / [32m200[0m 21.668 ms - 4281[0m
[0mGET /js/home_posts.js [33m404[0m 10.147 ms - 155[0m
[0mGET /post/destroy/627fc529678a0d5695c01801 [36m302[0m 18.430 ms - 88[0m
[0mGET / [32m200[0m 14.870 ms - 3007[0m
[0mGET /js/home_posts.js [33m404[0m 17.665 ms - 155[0m
[0mPOST /post/create [36m302[0m 7.823 ms - 88[0m
[0mGET / [32m200[0m 26.195 ms - 4267[0m
[0mGET /js/home_posts.js [33m404[0m 7.737 ms - 155[0m
[0mPOST /like/toggleLike/?id=627fc72635c8e8b928fefcc3&type=Post [32m200[0m 14.704 ms - 61[0m
[0mPOST /like/toggleLike/?id=627fc72635c8e8b928fefcc3&type=Post [32m200[0m 13.427 ms - 60[0m
[0mPOST /post/create [36m302[0m 56.571 ms - 88[0m
[0mGET / [32m200[0m 56.753 ms - 5539[0m
[0mGET /js/home_posts.js [33m404[0m 11.053 ms - 155[0m
[0mGET /post/destroy/627fc745de2151e780c808ca [36m302[0m 20.595 ms - 88[0m
[0mGET / [32m200[0m 23.940 ms - 4276[0m
[0mPOST /like/toggleLike/?id=627fc745de2151e780c808ca&type=Post [0m-[0m 11.503 ms - -[0m
[0mPOST /like/toggleLike/?id=627fc745de2151e780c808ca&type=Post [0m-[0m 15.847 ms - -[0m
[0mPOST /like/toggleLike/?id=627fc745de2151e780c808ca&type=Post [0m-[0m 19.663 ms - -[0m
[0mGET /js/home_posts.js [33m404[0m 11.667 ms - 155[0m
[0mPOST /comment/create [36m302[0m 70.653 ms - 46[0m
[0mGET / [32m200[0m 103.795 ms - 4677[0m
[0mGET /js/home_posts.js [33m404[0m 36.976 ms - 155[0m
[0mGET / [32m200[0m 134.496 ms - 4473[0m
[0mGET /js/home_posts.js [33m404[0m 11.764 ms - 155[0m
[0mPOST /comment/create [36m302[0m 33.797 ms - 46[0m
[0mGET / [32m200[0m 75.391 ms - 5097[0m
[0mGET /js/home_posts.js [33m404[0m 34.839 ms - 155[0m
[0mPOST /comment/create [36m302[0m 72.421 ms - 46[0m
[0mGET / [32m200[0m 130.797 ms - 5523[0m
[0mGET /js/home_posts.js [33m404[0m 14.280 ms - 155[0m
[0mGET /comment/destroy/627fc78dc6f4f51f8fdcee4c [36m302[0m 54.411 ms - 88[0m
[0mGET / [32m200[0m 50.933 ms - 5109[0m
[0mGET /js/home_posts.js [33m404[0m 12.087 ms - 155[0m
[0mGET /comment/destroy/627fc8069e9945fc54f6f2ee [36m302[0m 45.953 ms - 88[0m
[0mGET / [32m200[0m 64.118 ms - 4689[0m
[0mGET /js/home_posts.js [33m404[0m 34.056 ms - 155[0m
[0mGET /comment/destroy/627fc8836be005cd5a600f00 [36m302[0m 23.645 ms - 88[0m
[0mGET / [32m200[0m 23.721 ms - 4263[0m
[0mGET /js/home_posts.js [33m404[0m 20.313 ms - 155[0m
[0mPOST /comment/create [36m302[0m 36.769 ms - 46[0m
[0mGET / [32m200[0m 52.742 ms - 4701[0m
[0mGET /js/home_posts.js [33m404[0m 18.287 ms - 155[0m
[0mGET / [32m200[0m 291.868 ms - 4497[0m
[0mGET /js/home_posts.js [33m404[0m 102.363 ms - 155[0m
[0mGET /post/destroy/627fc72635c8e8b928fefcc3 [36m302[0m 87.876 ms - 88[0m
[0mGET / [32m200[0m 182.742 ms - 3007[0m
[0mGET /js/home_posts.js [33m404[0m 230.220 ms - 155[0m
[0mPOST /post/create [36m302[0m 48.426 ms - 88[0m
[0mGET / [32m200[0m 96.141 ms - 4267[0m
[0mGET /js/home_posts.js [33m404[0m 29.203 ms - 155[0m
[0mPOST /comment/create [36m302[0m 103.734 ms - 46[0m
[0mGET / [32m200[0m 185.666 ms - 4677[0m
[0mGET /js/home_posts.js [33m404[0m 59.011 ms - 155[0m
[0mPOST /comment/create [36m302[0m 236.352 ms - 46[0m
[0mGET / [32m200[0m 176.929 ms - 5092[0m
[0mGET /js/home_posts.js [33m404[0m 187.237 ms - 155[0m
[0mPOST /comment/create [36m302[0m 172.610 ms - 46[0m
[0mGET / [32m200[0m 234.662 ms - 5505[0m
[0mGET /js/home_posts.js [33m404[0m 101.370 ms - 155[0m
[0mGET / [32m200[0m 231.460 ms - 5301[0m
[0mGET /js/home_posts.js [33m404[0m 142.735 ms - 155[0m
[0mGET /comment/destroy/627fc9d0c1e487603d3fc0b6 [36m302[0m 143.206 ms - 88[0m
[0mGET / [32m200[0m 64.347 ms - 5091[0m
[0mGET /js/home_posts.js [33m404[0m 40.576 ms - 155[0m
[0mGET /comment/destroy/627fca3035177a13daf54973 [36m302[0m 91.127 ms - 88[0m
[0mGET / [32m200[0m 61.696 ms - 4676[0m
[0mGET /js/home_posts.js [33m404[0m 33.933 ms - 155[0m
[0mGET /comment/destroy/627fca6853946809bf92a729 [36m302[0m 76.209 ms - 88[0m
[0mGET / [32m200[0m 73.900 ms - 4263[0m
[0mGET /js/home_posts.js [33m404[0m 22.982 ms - 155[0m
[0mPOST /comment/create [36m302[0m 85.059 ms - 46[0m
[0mGET / [32m200[0m 679.925 ms - 4681[0m
[0mGET /js/home_posts.js [33m404[0m 41.693 ms - 155[0m
[0mPOST /like/toggleLike/?id=627fcabd898844039ec229f8&type=Comment [32m200[0m 97.118 ms - 61[0m
[0mPOST /like/toggleLike/?id=627fc9cdc1e487603d3fc0ad&type=Post [32m200[0m 34.260 ms - 61[0m
